<?xml version="1.0" encoding="UTF-8"?>
<testng-results ignored="0" total="0" passed="0" failed="0" skipped="0">
  <reporter-output>
  </reporter-output>
  <suite started-at="2021-09-21T12:01:46 IST" name="com.test.login.LoginTest" finished-at="2021-09-21T12:01:46 IST" duration-ms="4">
    <groups>
    </groups>
    <test started-at="2021-09-21T12:01:46 IST" name="Command line test" finished-at="2021-09-21T12:01:46 IST" duration-ms="4">
    </test> <!-- Command line test -->
  </suite> <!-- com.test.login.LoginTest -->
</testng-results>
